#
# A fatal error has been detected by the Java Runtime Environment:
#
#  Internal Error (javaClasses.cpp:136), pid=1804, tid=7484
#  fatal error: Invalid layout of preloaded class
#
# JRE version:  (7.0_45-b18) (build )
# Java VM: Java HotSpot(TM) 64-Bit Server VM (24.45-b08 mixed mode windows-amd64 compressed oops)
# Failed to write core dump. Minidumps are not enabled by default on client versions of Windows
#
# If you would like to submit a bug report, please visit:
#   http://bugreport.sun.com/bugreport/crash.jsp
#

---------------  T H R E A D  ---------------

Current thread (0x00000000023de800):  JavaThread "Unknown thread" [_thread_in_vm, id=7484, stack(0x0000000002470000,0x0000000002570000)]

Stack: [0x0000000002470000,0x0000000002570000]

---------------  P R O C E S S  ---------------

Java Threads: ( => current thread )

Other Threads:

=>0x00000000023de800 (exited) JavaThread "Unknown thread" [_thread_in_vm, id=7484, stack(0x0000000002470000,0x0000000002570000)]

VM state:not at safepoint (not fully initialized)

VM Mutex/Monitor currently owned by a thread: None

GC Heap History (0 events):
No events

Deoptimization events (0 events):
No events

Internal exceptions (0 events):
No events

Events (10 events):
Event: 0.009 loading class 0x000000000232caa0 done
Event: 0.009 loading class 0x000000000232c4c0 done
Event: 0.009 loading class 0x000000000232c4a0
Event: 0.009 loading class 0x00000000023345a0
Event: 0.009 loading class 0x00000000023345a0 done
Event: 0.009 loading class 0x00000000023345d0
Event: 0.009 loading class 0x00000000023345d0 done
Event: 0.009 loading class 0x0000000002334600
Event: 0.009 loading class 0x0000000002334600 done
Event: 0.009 loading class 0x000000000232c4a0 done


Dynamic libraries:
0x000000013f950000 - 0x000000013f983000 	C:\Program Files\Java\jre7\bin\javaw.exe
0x0000000077940000 - 0x0000000077ae9000 	C:\Windows\SYSTEM32\ntdll.dll
0x0000000077720000 - 0x000000007783f000 	C:\Windows\system32\kernel32.dll
0x000007fefdac0000 - 0x000007fefdb2b000 	C:\Windows\system32\KERNELBASE.dll
0x00000000732b0000 - 0x00000000732fa000 	C:\Program Files\AVAST Software\Avast\snxhk64.dll
0x000007fefdc60000 - 0x000007fefdd3b000 	C:\Windows\system32\ADVAPI32.dll
0x000007fefdd50000 - 0x000007fefddef000 	C:\Windows\system32\msvcrt.dll
0x000007fefde90000 - 0x000007fefdeaf000 	C:\Windows\SYSTEM32\sechost.dll
0x000007fefdb30000 - 0x000007fefdc5d000 	C:\Windows\system32\RPCRT4.dll
0x0000000077840000 - 0x000000007793a000 	C:\Windows\system32\USER32.dll
0x000007fefdeb0000 - 0x000007fefdf17000 	C:\Windows\system32\GDI32.dll
0x000007feff7d0000 - 0x000007feff7de000 	C:\Windows\system32\LPK.dll
0x000007feff6a0000 - 0x000007feff769000 	C:\Windows\system32\USP10.dll
0x000007fefc0b0000 - 0x000007fefc2a4000 	C:\Windows\WinSxS\amd64_microsoft.windows.common-controls_6595b64144ccf1df_6.0.7601.17514_none_fa396087175ac9ac\COMCTL32.dll
0x000007fefe400000 - 0x000007fefe471000 	C:\Windows\system32\SHLWAPI.dll
0x000007feff7e0000 - 0x000007feff80e000 	C:\Windows\system32\IMM32.DLL
0x000007feffb40000 - 0x000007feffc49000 	C:\Windows\system32\MSCTF.dll
0x000000006b8d0000 - 0x000000006b9a2000 	C:\Program Files\Java\jre7\bin\msvcr100.dll
0x000000005fb80000 - 0x0000000060349000 	C:\Program Files\Java\jre7\bin\server\jvm.dll
0x000007fef94c0000 - 0x000007fef94c9000 	C:\Windows\system32\WSOCK32.dll
0x000007feff830000 - 0x000007feff87d000 	C:\Windows\system32\WS2_32.dll
0x000007fefdd40000 - 0x000007fefdd48000 	C:\Windows\system32\NSI.dll
0x000007fef8a80000 - 0x000007fef8abb000 	C:\Windows\system32\WINMM.dll
0x0000000077b00000 - 0x0000000077b07000 	C:\Windows\system32\PSAPI.DLL
0x0000000072d30000 - 0x0000000072d3f000 	C:\Program Files\Java\jre7\bin\verify.dll
0x0000000072d00000 - 0x0000000072d28000 	C:\Program Files\Java\jre7\bin\java.dll
0x0000000072ce0000 - 0x0000000072cf5000 	C:\Program Files\Java\jre7\bin\zip.dll

VM Arguments:
jvm_args: -Dfile.encoding=Cp1252 -Xbootclasspath:C:\Android\android-sdk-windows\sdk\platforms\android-19\android.jar 
java_command: com.udem.videotracker.DBHelperVT
Launcher Type: SUN_STANDARD

Environment Variables:
JAVA_HOME=C:\Program Files\Java\jdk1.6.0_25
PATH=C:\Program Files (x86)\PHP\;C:\Program Files (x86)\Intel\iCLS Client\;C:\Program Files\Intel\iCLS Client\;C:\Windows\system32;C:\Windows;C:\Windows\System32\Wbem;C:\Windows\system;C:\Windows\System32\WindowsPowerShell\v1.0\;C:\Program Files\Intel\WiFi\bin\;C:\Program Files\Common Files\Intel\WirelessCommon\;C:\Program Files\Intel\Intel(R) Management Engine Components\DAL;C:\Program Files\Intel\Intel(R) Management Engine Components\IPT;C:\Program Files (x86)\Intel\Intel(R) Management Engine Components\DAL;C:\Program Files (x86)\Intel\Intel(R) Management Engine Components\IPT;C:\Users\user\AppData\Local\Smartbar\Application\;C:\Users\user\AppData\Local\Smartbar\Application\;C:\Program Files\Microsoft SQL Server\110\Tools\Binn\;QUARTUS_ROOTDIR\bin;C:\Program Files\apache-maven-3.0.5\bin;C:\Program Files\Java\jdk1.6.0_25;C:\ProgramData\Composer\bin;C:\Program Files\Intel\WiFi\bin\;C:\Program Files\Common Files\Intel\WirelessCommon\;C:\Program Files\Java\jdk1.6.0_25\bin;C:\Android\android-sdk-windows;C:\OpenSSL;
USERNAME=user
OS=Windows_NT
PROCESSOR_IDENTIFIER=Intel64 Family 6 Model 58 Stepping 9, GenuineIntel



---------------  S Y S T E M  ---------------

OS: Windows 7 , 64 bit Build 7601 Service Pack 1

CPU:total 4 (2 cores per cpu, 2 threads per core) family 6 model 58 stepping 9, cmov, cx8, fxsr, mmx, sse, sse2, sse3, ssse3, sse4.1, sse4.2, popcnt, avx, aes, erms, ht, tsc, tscinvbit, tscinv

Memory: 4k page, physical 8268452k(3031424k free), swap 8266588k(2537308k free)

vm_info: Java HotSpot(TM) 64-Bit Server VM (24.45-b08) for windows-amd64 JRE (1.7.0_45-b18), built on Oct  8 2013 05:47:22 by "java_re" with unknown MS VC++:1600

time: Wed Apr 23 23:30:47 2014
elapsed time: 0 seconds

